WARNING:werkzeug: * Debugger is active!
INFO:werkzeug: * Debugger PIN: 396-541-308
WARNING:werkzeug: * Debugger is active!
INFO:werkzeug: * Debugger PIN: 396-541-308
INFO:werkzeug:[31m[1mWARNING: This is a development server. Do not use it in a production deployment. Use a production WSGI server instead.[0m
 * Running on http://127.0.0.1:8888
INFO:werkzeug:[33mPress CTRL+C to quit[0m
INFO:werkzeug: * Restarting with stat
WARNING:werkzeug: * Debugger is active!
INFO:werkzeug: * Debugger PIN: 396-541-308
INFO:werkzeug:[31m[1mWARNING: This is a development server. Do not use it in a production deployment. Use a production WSGI server instead.[0m
 * Running on http://127.0.0.1:8888
INFO:werkzeug:[33mPress CTRL+C to quit[0m
INFO:werkzeug: * Restarting with stat
WARNING:werkzeug: * Debugger is active!
INFO:werkzeug: * Debugger PIN: 396-541-308
INFO:werkzeug: * Detected change in 'C:\\Users\\sarah\\OneDrive\\BCIT-term2\\ACIT2515Python\\project\\app.py', reloading
INFO:werkzeug: * Detected change in 'C:\\Users\\sarah\\OneDrive\\BCIT-term2\\ACIT2515Python\\project\\app.py', reloading
INFO:werkzeug: * Restarting with stat
INFO:werkzeug: * Restarting with stat
INFO:werkzeug: * Restarting with stat
INFO:werkzeug: * Restarting with stat
INFO:werkzeug: * Restarting with stat
INFO:werkzeug: * Restarting with stat
